<?xml version="1.0" encoding="UTF-8"?>
<!-- Generated by org.testng.reporters.JUnitXMLReporter -->
<testsuite ignored="0" hostname="Aryan.local" failures="0" tests="4" name="Default test" time="45.949" errors="0" timestamp="2025-10-24T14:44:25 IST">
  <testcase classname="com.BStack.TestCase.CartPageTestCase" name="testAddToCart" time="24.257"/>
  <testcase classname="com.BStack.TestCase.CartPageTestCase" name="testOrderSummary" time="2.148"/>
  <testcase classname="com.BStack.TestCase.CartPageTestCase" name="testShippingAddress" time="3.723"/>
  <testcase classname="com.BStack.TestCase.CartPageTestCase" name="testOrderConfirmation" time="5.725"/>
</testsuite> <!-- Default test -->
