<?xml version="1.0" encoding="UTF-8"?>
<!-- Generated by org.testng.reporters.JUnitXMLReporter -->
<testsuite ignored="0" hostname="Aryan.local" failures="0" tests="4" name="CartTest" time="45.966" errors="0" timestamp="2025-10-29T17:04:23 IST">
  <testcase classname="com.BStack.TestCase.CartPageTestCase" name="testAddToCart" time="24.305"/>
  <testcase classname="com.BStack.TestCase.CartPageTestCase" name="testOrderSummary" time="2.138"/>
  <testcase classname="com.BStack.TestCase.CartPageTestCase" name="testShippingAddress" time="3.761"/>
  <testcase classname="com.BStack.TestCase.CartPageTestCase" name="testOrderConfirmation" time="5.809"/>
</testsuite> <!-- CartTest -->
