<?xml version="1.0" encoding="UTF-8"?>
<!-- Generated by org.testng.reporters.JUnitXMLReporter -->
<testsuite ignored="0" hostname="Aryan.local" failures="0" tests="4" name="ProductTest" time="34.348" errors="0" timestamp="2025-10-29T17:03:37 IST">
  <testcase classname="com.BStack.TestCase.ProductPageTestCase" name="testTotalProduct" time="8.846"/>
  <testcase classname="com.BStack.TestCase.ProductPageTestCase" name="testOrderByProduct" time="5.013"/>
  <testcase classname="com.BStack.TestCase.ProductPageTestCase" name="testListOfVendors" time="8.116"/>
  <testcase classname="com.BStack.TestCase.ProductPageTestCase" name="testAsPerVendors" time="2.402"/>
</testsuite> <!-- ProductTest -->
